<?xml version="1.0" encoding="UTF-8"?>
<!-- Generated by org.testng.reporters.JUnitXMLReporter -->
<testsuite ignored="0" hostname="Girishs-MacBook-Air.local" failures="0" tests="3" name="/Users/pmgirish/IdeaProjects/DemoTwo" time="15.132" errors="0" timestamp="2023-07-24T13:24:28 IST">
  <testcase classname="GoogleSearchTestNGDemo" name="googleSearchTest" time="1.966"/>
  <testcase classname="ExtentReportTestNGDemo" name="test" time="2.433"/>
  <testcase classname="ExtentReportTestNGDemo" name="test2" time="2.351"/>
</testsuite> <!-- /Users/pmgirish/IdeaProjects/DemoTwo -->
